<?xml version="1.0" encoding="UTF-8"?>
<!-- Generated by org.testng.reporters.JUnitReportReporter -->
<testsuite skipped="0" hostname="paras" name="groupId.SeleniumTest" tests="1" failures="0" timestamp="28 Mar 2019 12:00:36 GMT" time="0.016" errors="0">
  <testcase name="browserAutomation" time="0.016" classname="groupId.SeleniumTest"/>
</testsuite> <!-- groupId.SeleniumTest -->
