<?xml version="1.0" encoding="UTF-8"?>
<!-- Generated by org.testng.reporters.JUnitReportReporter -->
<testsuite skipped="0" hostname="paras" name="groupId.AppiumTest" tests="2" failures="0" timestamp="28 Mar 2019 09:32:20 GMT" time="0.002" errors="0">
  <testcase name="IOSApps" time="0.001" classname="groupId.AppiumTest"/>
  <testcase name="nativeAppAndroid" time="0.001" classname="groupId.AppiumTest"/>
</testsuite> <!-- groupId.AppiumTest -->
