<?xml version="1.0" encoding="UTF-8"?>
<!-- Generated by org.testng.reporters.JUnitReportReporter -->
<testsuite skipped="0" hostname="paras" name="groupId.AppiumTest" tests="2" failures="0" timestamp="14 May 2019 07:36:07 GMT" time="0.011" errors="0">
  <testcase name="nativeAppAndroid" time="0.001" classname="groupId.AppiumTest"/>
  <testcase name="IOSApps" time="0.010" classname="groupId.AppiumTest"/>
</testsuite> <!-- groupId.AppiumTest -->
