<?xml version="1.0" encoding="UTF-8"?>
<!-- Generated by org.testng.reporters.JUnitReportReporter -->
<testsuite skipped="0" hostname="paras" name="groupId.SeleniumTest" tests="2" failures="0" timestamp="14 May 2019 07:37:17 GMT" time="0.000" errors="0">
  <testcase name="elementsUI" time="0.000" classname="groupId.SeleniumTest"/>
  <testcase name="browserAutomation" time="0.000" classname="groupId.SeleniumTest"/>
</testsuite> <!-- groupId.SeleniumTest -->
